2026-05-13 23:54:26 | DEBUG | P01 | No variables found in .env
2026-05-13 23:54:26 | INFO | P01 | === RUN START ===
2026-05-13 23:54:26 | INFO | P01 | project=P01
2026-05-13 23:54:26 | INFO | P01 | repo_dir=streaming-01-foundations
2026-05-13 23:54:26 | INFO | P01 | python=3.14.3
2026-05-13 23:54:26 | INFO | P01 | os=Windows 11
2026-05-13 23:54:26 | INFO | P01 | shell=powershell
2026-05-13 23:54:26 | INFO | P01 | cwd=.
2026-05-13 23:54:26 | INFO | P01 | github_actions=False
2026-05-13 23:54:26 | INFO | P01 | ========================
2026-05-13 23:54:26 | INFO | P01 | START producer main()
2026-05-13 23:54:26 | INFO | P01 | ========================
2026-05-13 23:54:26 | INFO | P01 | ROOT_DIR = .
2026-05-13 23:54:26 | INFO | P01 | DATA_DIR = data
2026-05-13 23:54:26 | INFO | P01 | SALES_CSV = data\sales.csv
2026-05-13 23:54:26 | INFO | P01 | TOPIC_CSV = data\output\streaming-01-topic-no-env.csv
2026-05-13 23:54:26 | INFO | P01 | ========================
2026-05-13 23:54:26 | INFO | P01 | SECTION A. Acquire
2026-05-13 23:54:26 | INFO | P01 | ========================
2026-05-13 23:54:26 | INFO | P01 | Loading settings from .env...
2026-05-13 23:54:26 | INFO | P01 | KAFKA_TOPIC                       = streaming-01-topic-no-env
2026-05-13 23:54:26 | INFO | P01 | KAFKA_CLEAR_TOPIC_ON_START        = False
2026-05-13 23:54:26 | INFO | P01 | PRODUCER_MESSAGE_COUNT            = 2
2026-05-13 23:54:26 | INFO | P01 | PRODUCER_MESSAGE_INTERVAL_SECONDS = 0.5
2026-05-13 23:54:26 | INFO | P01 | Verifying local source data...
2026-05-13 23:54:26 | INFO | P01 | Source file found: sales.csv
2026-05-13 23:54:26 | INFO | P01 | Preparing local simulated topic file...
2026-05-13 23:54:26 | INFO | P01 | Topic file will be created: streaming-01-topic-no-env.csv
2026-05-13 23:54:26 | INFO | P01 | ========================
2026-05-13 23:54:26 | INFO | P01 | SECTION P. Produce Messages
2026-05-13 23:54:26 | INFO | P01 | ========================
2026-05-13 23:54:26 | INFO | P01 | Sending messages...
2026-05-13 23:54:26 | INFO | P01 | Sending up to 2 local message(s).
2026-05-13 23:54:26 | INFO | P01 | Writing to simulated topic file: streaming-01-topic-no-env.csv
2026-05-13 23:54:26 | INFO | P01 | Watch each sale arrive. Press CTRL+C to stop early.

2026-05-13 23:54:26 | INFO | P01 | {
  order_id: e7324981-a9f0-419f-b708-d0a333451fff
  datetime: 2026-05-04T08:11:00Z
  region_id: US-TX
  currency_code: USD
  product_id: PY-STREAM-005
  unit_price: 59.99
  quantity: 3
  is_online: true
  customer_id: CUST-4150
  is_new_customer: false
  device_type: tablet
  payment_method: paypal
  referral_source: paid_search
  discount_code: 
  customer_note: Gift for my team
}
2026-05-13 23:54:26 | INFO | P01 |   Sending local message with key=US-TX
2026-05-13 23:54:26 | INFO | P01 |   MESSAGE SENT  sent=1
2026-05-13 23:54:26 | INFO | P01 | {
  order_id: d61943e0-f543-4b5f-9c9a-18605ea4cfe5
  datetime: 2026-05-04T08:23:00Z
  region_id: US-TX
  currency_code: USD
  product_id: PY-DATA-002
  unit_price: 49.99
  quantity: 1
  is_online: true
  customer_id: CUST-1106
  is_new_customer: false
  device_type: mobile
  payment_method: paypal
  referral_source: paid_search
  discount_code: 
  customer_note: Gift for my team
}
2026-05-13 23:54:26 | INFO | P01 |   Sending local message with key=US-TX
2026-05-13 23:54:26 | INFO | P01 |   MESSAGE SENT  sent=2
2026-05-13 23:54:27 | INFO | P01 | ========================
2026-05-13 23:54:27 | INFO | P01 | SECTION E. Exit
2026-05-13 23:54:27 | INFO | P01 | ========================
2026-05-13 23:54:27 | INFO | P01 | Summary:
2026-05-13 23:54:27 | INFO | P01 | Sent 2 message(s).
2026-05-13 23:54:27 | INFO | P01 | WROTE TOPIC_CSV = data\output\streaming-01-topic-no-env.csv
2026-05-13 23:54:27 | INFO | P01 | ========================
2026-05-13 23:54:27 | INFO | P01 | Producer executed successfully!
2026-05-13 23:54:27 | INFO | P01 | ========================
2026-05-13 23:54:30 | DEBUG | P01 | No variables found in .env
2026-05-13 23:54:30 | INFO | P01 | === RUN START ===
2026-05-13 23:54:30 | INFO | P01 | project=P01
2026-05-13 23:54:30 | INFO | P01 | repo_dir=streaming-01-foundations
2026-05-13 23:54:30 | INFO | P01 | python=3.14.3
2026-05-13 23:54:30 | INFO | P01 | os=Windows 11
2026-05-13 23:54:30 | INFO | P01 | shell=powershell
2026-05-13 23:54:30 | INFO | P01 | cwd=.
2026-05-13 23:54:30 | INFO | P01 | github_actions=False
2026-05-13 23:54:30 | INFO | P01 | ========================
2026-05-13 23:54:30 | INFO | P01 | START producer main()
2026-05-13 23:54:30 | INFO | P01 | ========================
2026-05-13 23:54:30 | INFO | P01 | ROOT_DIR = .
2026-05-13 23:54:30 | INFO | P01 | DATA_DIR = data
2026-05-13 23:54:30 | INFO | P01 | SALES_CSV = data\sales.csv
2026-05-13 23:54:30 | INFO | P01 | TOPIC_CSV = data\output\streaming-01-topic-no-env.csv
2026-05-13 23:54:30 | INFO | P01 | ========================
2026-05-13 23:54:30 | INFO | P01 | SECTION A. Acquire
2026-05-13 23:54:30 | INFO | P01 | ========================
2026-05-13 23:54:30 | INFO | P01 | Loading settings from .env...
2026-05-13 23:54:30 | INFO | P01 | KAFKA_TOPIC                       = streaming-01-topic-no-env
2026-05-13 23:54:30 | INFO | P01 | KAFKA_CLEAR_TOPIC_ON_START        = False
2026-05-13 23:54:30 | INFO | P01 | PRODUCER_MESSAGE_COUNT            = 2
2026-05-13 23:54:30 | INFO | P01 | PRODUCER_MESSAGE_INTERVAL_SECONDS = 0.5
2026-05-13 23:54:30 | INFO | P01 | Verifying local source data...
2026-05-13 23:54:30 | INFO | P01 | Source file found: sales.csv
2026-05-13 23:54:30 | INFO | P01 | Preparing local simulated topic file...
2026-05-13 23:54:30 | INFO | P01 | Using existing topic file: streaming-01-topic-no-env.csv
2026-05-13 23:54:30 | INFO | P01 | ========================
2026-05-13 23:54:30 | INFO | P01 | SECTION P. Produce Messages
2026-05-13 23:54:30 | INFO | P01 | ========================
2026-05-13 23:54:30 | INFO | P01 | Sending messages...
2026-05-13 23:54:30 | INFO | P01 | Sending up to 2 local message(s).
2026-05-13 23:54:30 | INFO | P01 | Writing to simulated topic file: streaming-01-topic-no-env.csv
2026-05-13 23:54:30 | INFO | P01 | Watch each sale arrive. Press CTRL+C to stop early.

2026-05-13 23:54:30 | INFO | P01 | {
  order_id: e7324981-a9f0-419f-b708-d0a333451fff
  datetime: 2026-05-04T08:11:00Z
  region_id: US-TX
  currency_code: USD
  product_id: PY-STREAM-005
  unit_price: 59.99
  quantity: 3
  is_online: true
  customer_id: CUST-4150
  is_new_customer: false
  device_type: tablet
  payment_method: paypal
  referral_source: paid_search
  discount_code: 
  customer_note: Gift for my team
}
2026-05-13 23:54:30 | INFO | P01 |   Sending local message with key=US-TX
2026-05-13 23:54:30 | INFO | P01 |   MESSAGE SENT  sent=1
2026-05-13 23:54:31 | INFO | P01 | {
  order_id: d61943e0-f543-4b5f-9c9a-18605ea4cfe5
  datetime: 2026-05-04T08:23:00Z
  region_id: US-TX
  currency_code: USD
  product_id: PY-DATA-002
  unit_price: 49.99
  quantity: 1
  is_online: true
  customer_id: CUST-1106
  is_new_customer: false
  device_type: mobile
  payment_method: paypal
  referral_source: paid_search
  discount_code: 
  customer_note: Gift for my team
}
2026-05-13 23:54:31 | INFO | P01 |   Sending local message with key=US-TX
2026-05-13 23:54:31 | INFO | P01 |   MESSAGE SENT  sent=2
2026-05-13 23:54:31 | INFO | P01 | ========================
2026-05-13 23:54:31 | INFO | P01 | SECTION E. Exit
2026-05-13 23:54:31 | INFO | P01 | ========================
2026-05-13 23:54:31 | INFO | P01 | Summary:
2026-05-13 23:54:31 | INFO | P01 | Sent 2 message(s).
2026-05-13 23:54:31 | INFO | P01 | WROTE TOPIC_CSV = data\output\streaming-01-topic-no-env.csv
2026-05-13 23:54:31 | INFO | P01 | ========================
2026-05-13 23:54:31 | INFO | P01 | Producer executed successfully!
2026-05-13 23:54:31 | INFO | P01 | ========================
2026-05-13 23:56:25 | DEBUG | C01 | No variables found in .env
2026-05-13 23:56:25 | INFO | C01 | === RUN START ===
2026-05-13 23:56:25 | INFO | C01 | project=C01
2026-05-13 23:56:25 | INFO | C01 | repo_dir=streaming-01-foundations
2026-05-13 23:56:25 | INFO | C01 | python=3.14.3
2026-05-13 23:56:25 | INFO | C01 | os=Windows 11
2026-05-13 23:56:25 | INFO | C01 | shell=powershell
2026-05-13 23:56:25 | INFO | C01 | cwd=.
2026-05-13 23:56:25 | INFO | C01 | github_actions=False
2026-05-13 23:56:25 | INFO | C01 | ========================
2026-05-13 23:56:25 | INFO | C01 | START consumer main()
2026-05-13 23:56:25 | INFO | C01 | ========================
2026-05-13 23:56:25 | INFO | C01 | ROOT_DIR = .
2026-05-13 23:56:25 | INFO | C01 | DATA_DIR = data
2026-05-13 23:56:25 | INFO | C01 | TOPIC_CSV = data\output\missing-env-copy-env-example.csv
2026-05-13 23:56:25 | INFO | C01 | OUTPUT_CSV = data\output\consumed_sales.csv
2026-05-13 23:56:25 | INFO | C01 | ========================
2026-05-13 23:56:25 | INFO | C01 | SECTION A. Acquire
2026-05-13 23:56:25 | INFO | C01 | ========================
2026-05-13 23:56:25 | INFO | C01 | Loading settings from .env...
2026-05-13 23:56:25 | INFO | C01 | KAFKA_TOPIC                    = missing-env-copy-env-example
2026-05-13 23:56:25 | INFO | C01 | CONSUMER_MAX_MESSAGES          = 2
2026-05-13 23:56:25 | INFO | C01 | CONSUMER_POLL_INTERVAL_SECONDS = 0.5
2026-05-13 23:56:25 | INFO | C01 | CONSUMER_TIMEOUT_SECONDS       = 3.0
2026-05-13 23:56:25 | INFO | C01 | Verifying local simulated topic file...
2026-05-13 23:56:25 | INFO | C01 | Topic file not found yet. Waiting...
2026-05-13 23:56:25 | INFO | C01 | Topic file not found yet. Waiting...
2026-05-13 23:56:26 | INFO | C01 | Topic file not found yet. Waiting...
2026-05-13 23:56:26 | INFO | C01 | Topic file not found yet. Waiting...
2026-05-13 23:56:27 | INFO | C01 | Topic file not found yet. Waiting...
2026-05-13 23:56:27 | INFO | C01 | Topic file not found yet. Waiting...
2026-05-13 23:56:28 | ERROR | C01 | Topic file not found: C:\repos\streaming-01-foundations\data\output\missing-env-copy-env-example.csv
2026-05-13 23:56:28 | ERROR | C01 | Run the local producer first, or run producer and consumer together.
2026-05-17 21:00:45 | DEBUG | C01 | No variables found in .env
2026-05-17 21:00:45 | INFO | C01 | === RUN START ===
2026-05-17 21:00:45 | INFO | C01 | project=C01
2026-05-17 21:00:45 | INFO | C01 | repo_dir=streaming-01-foundations
2026-05-17 21:00:45 | INFO | C01 | python=3.14.3
2026-05-17 21:00:45 | INFO | C01 | os=Windows 11
2026-05-17 21:00:45 | INFO | C01 | shell=powershell
2026-05-17 21:00:45 | INFO | C01 | cwd=.
2026-05-17 21:00:45 | INFO | C01 | github_actions=False
2026-05-17 21:00:45 | INFO | C01 | ========================
2026-05-17 21:00:45 | INFO | C01 | START consumer main()
2026-05-17 21:00:45 | INFO | C01 | ========================
2026-05-17 21:00:45 | INFO | C01 | ROOT_DIR = .
2026-05-17 21:00:45 | INFO | C01 | DATA_DIR = data
2026-05-17 21:00:45 | INFO | C01 | TOPIC_CSV = data\output\missing-env-copy-env-example-Asher.csv
2026-05-17 21:00:45 | INFO | C01 | OUTPUT_CSV = data\output\consumed_sales.csv
2026-05-17 21:00:45 | INFO | C01 | ========================
2026-05-17 21:00:45 | INFO | C01 | SECTION A. Acquire
2026-05-17 21:00:45 | INFO | C01 | ========================
2026-05-17 21:00:45 | INFO | C01 | Loading settings from .env...
2026-05-17 21:00:45 | INFO | C01 | KAFKA_TOPIC                    = missing-env-copy-env-example-Asher
2026-05-17 21:00:45 | INFO | C01 | CONSUMER_MAX_MESSAGES          = 10
2026-05-17 21:00:45 | INFO | C01 | CONSUMER_POLL_INTERVAL_SECONDS = 1.0
2026-05-17 21:00:45 | INFO | C01 | CONSUMER_TIMEOUT_SECONDS       = 10.0
2026-05-17 21:00:45 | INFO | C01 | Verifying local simulated topic file...
2026-05-17 21:00:45 | INFO | C01 | Topic file not found yet. Waiting...
2026-05-17 21:00:46 | INFO | C01 | Topic file not found yet. Waiting...
2026-05-17 21:00:47 | INFO | C01 | Topic file not found yet. Waiting...
2026-05-17 21:00:48 | INFO | C01 | Topic file not found yet. Waiting...
2026-05-17 21:00:49 | INFO | C01 | Topic file not found yet. Waiting...
2026-05-17 21:00:50 | INFO | C01 | Topic file not found yet. Waiting...
2026-05-17 21:00:51 | INFO | C01 | Topic file not found yet. Waiting...
2026-05-17 21:00:52 | INFO | C01 | Topic file not found yet. Waiting...
2026-05-17 21:00:53 | INFO | C01 | Topic file not found yet. Waiting...
2026-05-17 21:00:54 | INFO | C01 | Topic file not found yet. Waiting...
2026-05-17 21:00:55 | ERROR | C01 | Topic file not found: C:\repos\streaming-01-foundations\data\output\missing-env-copy-env-example-Asher.csv
2026-05-17 21:00:55 | ERROR | C01 | Run the local producer first, or run producer and consumer together.
2026-05-17 21:01:19 | DEBUG | P01 | No variables found in .env
2026-05-17 21:01:19 | INFO | P01 | === RUN START ===
2026-05-17 21:01:19 | INFO | P01 | project=P01
2026-05-17 21:01:19 | INFO | P01 | repo_dir=streaming-01-foundations
2026-05-17 21:01:19 | INFO | P01 | python=3.14.3
2026-05-17 21:01:19 | INFO | P01 | os=Windows 11
2026-05-17 21:01:19 | INFO | P01 | shell=powershell
2026-05-17 21:01:19 | INFO | P01 | cwd=.
2026-05-17 21:01:19 | INFO | P01 | github_actions=False
2026-05-17 21:01:19 | INFO | P01 | ========================
2026-05-17 21:01:19 | INFO | P01 | START producer main()
2026-05-17 21:01:19 | INFO | P01 | ========================
2026-05-17 21:01:19 | INFO | P01 | ROOT_DIR = .
2026-05-17 21:01:19 | INFO | P01 | DATA_DIR = data
2026-05-17 21:01:19 | INFO | P01 | SALES_CSV = data\sales.csv
2026-05-17 21:01:19 | INFO | P01 | TOPIC_CSV = data\output\streaming-01-topic-no-env-Asher.csv
2026-05-17 21:01:19 | INFO | P01 | ========================
2026-05-17 21:01:19 | INFO | P01 | SECTION A. Acquire
2026-05-17 21:01:19 | INFO | P01 | ========================
2026-05-17 21:01:19 | INFO | P01 | Loading settings from .env...
2026-05-17 21:01:19 | INFO | P01 | KAFKA_TOPIC                       = streaming-01-topic-no-env-Asher
2026-05-17 21:01:19 | INFO | P01 | KAFKA_CLEAR_TOPIC_ON_START        = False
2026-05-17 21:01:19 | INFO | P01 | PRODUCER_MESSAGE_COUNT            = 10
2026-05-17 21:01:19 | INFO | P01 | PRODUCER_MESSAGE_INTERVAL_SECONDS = 1.0
2026-05-17 21:01:19 | INFO | P01 | Verifying local source data...
2026-05-17 21:01:19 | INFO | P01 | Source file found: sales.csv
2026-05-17 21:01:19 | INFO | P01 | Preparing local simulated topic file...
2026-05-17 21:01:19 | INFO | P01 | Topic file will be created: streaming-01-topic-no-env-Asher.csv
2026-05-17 21:01:19 | INFO | P01 | ========================
2026-05-17 21:01:19 | INFO | P01 | SECTION P. Produce Messages
2026-05-17 21:01:19 | INFO | P01 | ========================
2026-05-17 21:01:19 | INFO | P01 | Sending messages...
2026-05-17 21:01:19 | INFO | P01 | Sending up to 10 local message(s).
2026-05-17 21:01:19 | INFO | P01 | Writing to simulated topic file: streaming-01-topic-no-env-Asher.csv
2026-05-17 21:01:19 | INFO | P01 | Watch each sale arrive. Press CTRL+C to stop early.

2026-05-17 21:01:19 | INFO | P01 | {
  order_id: e7324981-a9f0-419f-b708-d0a333451fff
  datetime: 2026-05-04T08:11:00Z
  region_id: US-TX
  currency_code: USD
  product_id: PY-STREAM-005
  unit_price: 59.99
  quantity: 3
  is_online: true
  customer_id: CUST-4150
  is_new_customer: false
  device_type: tablet
  payment_method: paypal
  referral_source: paid_search
  discount_code: 
  customer_note: Gift for my team
}
2026-05-17 21:01:19 | INFO | P01 |   Sending local message with key=US-TX
2026-05-17 21:01:19 | INFO | P01 |   MESSAGE SENT  sent=1
2026-05-17 21:01:20 | INFO | P01 | {
  order_id: d61943e0-f543-4b5f-9c9a-18605ea4cfe5
  datetime: 2026-05-04T08:23:00Z
  region_id: US-TX
  currency_code: USD
  product_id: PY-DATA-002
  unit_price: 49.99
  quantity: 1
  is_online: true
  customer_id: CUST-1106
  is_new_customer: false
  device_type: mobile
  payment_method: paypal
  referral_source: paid_search
  discount_code: 
  customer_note: Gift for my team
}
2026-05-17 21:01:20 | INFO | P01 |   Sending local message with key=US-TX
2026-05-17 21:01:20 | INFO | P01 |   MESSAGE SENT  sent=2
2026-05-17 21:01:21 | INFO | P01 | {
  order_id: 14da1915-8e74-47be-9e10-f7275d31af46
  datetime: 2026-05-04T08:28:00Z
  region_id: CA-QC
  currency_code: CAD
  product_id: PY-NLP-006
  unit_price: 54.99
  quantity: 1
  is_online: true
  customer_id: CUST-2133
  is_new_customer: false
  device_type: desktop
  payment_method: paypal
  referral_source: organic
  discount_code: 
  customer_note: Learning at my own pace
}
2026-05-17 21:01:21 | INFO | P01 |   Sending local message with key=CA-QC
2026-05-17 21:01:21 | INFO | P01 |   MESSAGE SENT  sent=3
2026-05-17 21:01:22 | INFO | P01 | {
  order_id: d77ed935-9b28-431d-bc25-0a3fd98f4154
  datetime: 2026-05-04T08:40:00Z
  region_id: US-CA
  currency_code: USD
  product_id: PY-STREAM-005
  unit_price: 59.99
  quantity: 1
  is_online: true
  customer_id: CUST-5333
  is_new_customer: false
  device_type: mobile
  payment_method: paypal
  referral_source: organic
  discount_code: 
  customer_note: Highly recommend
}
2026-05-17 21:01:22 | INFO | P01 |   Sending local message with key=US-CA
2026-05-17 21:01:22 | INFO | P01 |   MESSAGE SENT  sent=4
2026-05-17 21:01:23 | INFO | P01 | {
  order_id: 24b91995-25f8-4ad7-8fa6-2e4c15750e5e
  datetime: 2026-05-04T08:41:00Z
  region_id: US-MO
  currency_code: USD
  product_id: PY-VIZ-003
  unit_price: 39.99
  quantity: 1
  is_online: true
  customer_id: CUST-8573
  is_new_customer: false
  device_type: mobile
  payment_method: apple_pay
  referral_source: paid_search
  discount_code: 
  customer_note: Learning at my own pace
}
2026-05-17 21:01:23 | INFO | P01 |   Sending local message with key=US-MO
2026-05-17 21:01:23 | INFO | P01 |   MESSAGE SENT  sent=5
2026-05-17 21:01:24 | INFO | P01 | {
  order_id: 1ec0fc8b-998c-4f43-8a66-19e1fa7d5fa8
  datetime: 2026-05-04T08:54:00Z
  region_id: CA-ON
  currency_code: CAD
  product_id: PY-SQL-004
  unit_price: 44.99
  quantity: 1
  is_online: true
  customer_id: CUST-8062
  is_new_customer: false
  device_type: tablet
  payment_method: paypal
  referral_source: organic
  discount_code: 
  customer_note: 
}
2026-05-17 21:01:24 | INFO | P01 |   Sending local message with key=CA-ON
2026-05-17 21:01:24 | INFO | P01 |   MESSAGE SENT  sent=6
2026-05-17 21:01:25 | INFO | P01 | {
  order_id: 392dd49b-b385-499c-9b4a-a38387fa39ae
  datetime: 2026-05-04T09:07:00Z
  region_id: CA-ON
  currency_code: CAD
  product_id: PY-INTRO-001
  unit_price: 29.99
  quantity: 1
  is_online: false
  customer_id: CUST-9348
  is_new_customer: false
  device_type: desktop
  payment_method: credit_card
  referral_source: paid_search
  discount_code: 
  customer_note: For my study group
}
2026-05-17 21:01:25 | INFO | P01 |   Sending local message with key=CA-ON
2026-05-17 21:01:25 | INFO | P01 |   MESSAGE SENT  sent=7
2026-05-17 21:01:26 | INFO | P01 | {
  order_id: 02782ab7-dd7d-4ebe-8abc-ef81cdc4193b
  datetime: 2026-05-04T09:15:00Z
  region_id: US-CA
  currency_code: USD
  product_id: PY-VIZ-003
  unit_price: 39.99
  quantity: 1
  is_online: true
  customer_id: CUST-5889
  is_new_customer: false
  device_type: tablet
  payment_method: paypal
  referral_source: organic
  discount_code: 
  customer_note: 
}
2026-05-17 21:01:26 | INFO | P01 |   Sending local message with key=US-CA
2026-05-17 21:01:26 | INFO | P01 |   MESSAGE SENT  sent=8
2026-05-17 21:01:27 | INFO | P01 | {
  order_id: 67bd3492-cc96-429a-9a91-1b4d2132d261
  datetime: 2026-05-04T09:19:00Z
  region_id: CA-ON
  currency_code: CAD
  product_id: PY-VIZ-003
  unit_price: 39.99
  quantity: 1
  is_online: true
  customer_id: CUST-4770
  is_new_customer: false
  device_type: desktop
  payment_method: credit_card
  referral_source: paid_search
  discount_code: 
  customer_note: Excellent content
}
2026-05-17 21:01:27 | INFO | P01 |   Sending local message with key=CA-ON
2026-05-17 21:01:27 | INFO | P01 |   MESSAGE SENT  sent=9
2026-05-17 21:01:28 | INFO | P01 | {
  order_id: 0a021628-6937-4876-8875-b00c07a39e0f
  datetime: 2026-05-04T09:37:00Z
  region_id: MX-CMX
  currency_code: MXN
  product_id: PY-DATA-002
  unit_price: 49.99
  quantity: 1
  is_online: true
  customer_id: CUST-6168
  is_new_customer: false
  device_type: desktop
  payment_method: paypal
  referral_source: organic
  discount_code: 
  customer_note: 
}
2026-05-17 21:01:28 | INFO | P01 |   Sending local message with key=MX-CMX
2026-05-17 21:01:28 | INFO | P01 |   MESSAGE SENT  sent=10
2026-05-17 21:01:29 | INFO | P01 | ========================
2026-05-17 21:01:29 | INFO | P01 | SECTION E. Exit
2026-05-17 21:01:29 | INFO | P01 | ========================
2026-05-17 21:01:29 | INFO | P01 | Summary:
2026-05-17 21:01:29 | INFO | P01 | Sent 10 message(s).
2026-05-17 21:01:29 | INFO | P01 | WROTE TOPIC_CSV = data\output\streaming-01-topic-no-env-Asher.csv
2026-05-17 21:01:29 | INFO | P01 | ========================
2026-05-17 21:01:29 | INFO | P01 | Producer executed successfully!
2026-05-17 21:01:29 | INFO | P01 | ========================
